  Field.cpp
C:\Work\Tetris\Figure.h(25,8): error C4430: отсутствует спецификатор типа - предполагается int. Примечание. C++ не поддерживает int по умолчанию
C:\Work\Tetris\Figure.h(25,20): error C2143: синтаксическая ошибка: отсутствие "," перед "&"
C:\Work\Tetris\Field.cpp(3,1): error C2512: Figure: нет подходящего конструктора по умолчанию
C:\Work\Tetris\Figure.h(21,7): message : см. объявление "Figure"
C:\Work\Tetris\Field.cpp(16,36): error C2664: "Figure::Figure(const int)": невозможно преобразовать аргумент 1 из "const Field" в "const int"
C:\Work\Tetris\Field.cpp(16,32): message : Для выполнения данного преобразования нет доступного оператора преобразования, определенного пользователем, или вызов оператора невозможен
C:\Work\Tetris\Figure.h(25,2): message : см. объявление "Figure::Figure"
  Figure.cpp
C:\Work\Tetris\Figure.h(25,8): error C4430: отсутствует спецификатор типа - предполагается int. Примечание. C++ не поддерживает int по умолчанию
C:\Work\Tetris\Figure.h(25,20): error C2143: синтаксическая ошибка: отсутствие "," перед "&"
C:\Work\Tetris\Figure.h(4,1): error C2011: Rotations: переопределение типа "enum"
C:\Work\Tetris\Figure.h(3): message : см. объявление "Rotations"
C:\Work\Tetris\Figure.h(11,1): error C2011: Symbols: переопределение типа "enum"
C:\Work\Tetris\Figure.h(10): message : см. объявление "Symbols"
C:\Work\Tetris\Figure.h(22,1): error C2011: Figure: переопределение типа "class"
C:\Work\Tetris\Figure.h(21): message : см. объявление "Figure"
C:\Work\Tetris\Figure.cpp(3,9): error C2027: использование неопределенного типа "Figure"
C:\Work\Tetris\Figure.h(21): message : см. объявление "Figure"
C:\Work\Tetris\Figure.cpp(4,1): error C4430: отсутствует спецификатор типа - предполагается int. Примечание. C++ не поддерживает int по умолчанию
C:\Work\Tetris\Figure.cpp(5,2): error C2065: current_col: необъявленный идентификатор
C:\Work\Tetris\Figure.cpp(6,2): error C2065: current_symbol: необъявленный идентификатор
C:\Work\Tetris\Figure.cpp(7,2): error C2065: current_rotation: необъявленный идентификатор
C:\Work\Tetris\Figure.cpp(7,32): error C2027: использование неопределенного типа "Rotations"
C:\Work\Tetris\Figure.h(3): message : см. объявление "Rotations"
C:\Work\Tetris\Figure.cpp(8,2): error C2065: symbol: необъявленный идентификатор
C:\Work\Tetris\Figure.cpp(9,22): error C2065: symbol: необъявленный идентификатор
C:\Work\Tetris\Figure.cpp(9,42): error C2065: symbol: необъявленный идентификатор
C:\Work\Tetris\Figure.cpp(10,13): error C2065: current_symbol: необъявленный идентификатор
C:\Work\Tetris\Figure.cpp(10,2): error C3861: CreateForm: идентификатор не найден
C:\Work\Tetris\Figure.cpp(11,1): warning C4508: {ctor}: функция должна возвращать значение; предполагается возвращаемый тип "void"
C:\Work\Tetris\Figure.cpp(13,14): error C2027: использование неопределенного типа "Figure"
C:\Work\Tetris\Figure.h(21): message : см. объявление "Figure"
C:\Work\Tetris\Figure.cpp(18,3): error C2065: symbol: необъявленный идентификатор
C:\Work\Tetris\Figure.cpp(23,3): error C3079: список инициализаторов не может использоваться в качестве правого операнда оператора назначения
C:\Work\Tetris\Figure.cpp(27,3): error C2065: symbol: необъявленный идентификатор
C:\Work\Tetris\Figure.cpp(32,3): error C3079: список инициализаторов не может использоваться в качестве правого операнда оператора назначения
C:\Work\Tetris\Figure.cpp(36,3): error C2065: symbol: необъявленный идентификатор
C:\Work\Tetris\Figure.cpp(41,3): error C3079: список инициализаторов не может использоваться в качестве правого операнда оператора назначения
C:\Work\Tetris\Figure.cpp(45,3): error C2065: symbol: необъявленный идентификатор
C:\Work\Tetris\Figure.cpp(50,3): error C3079: список инициализаторов не может использоваться в качестве правого операнда оператора назначения
C:\Work\Tetris\Figure.cpp(54,3): error C2065: symbol: необъявленный идентификатор
C:\Work\Tetris\Figure.cpp(59,3): error C3079: список инициализаторов не может использоваться в качестве правого операнда оператора назначения
C:\Work\Tetris\Figure.cpp(63,3): error C2065: symbol: необъявленный идентификатор
C:\Work\Tetris\Figure.cpp(68,3): error C3079: список инициализаторов не может использоваться в качестве правого операнда оператора назначения
C:\Work\Tetris\Figure.cpp(71,3): error C2065: symbol: необъявленный идентификатор
C:\Work\Tetris\Figure.cpp(76,3): error C3079: список инициализаторов не может использоваться в качестве правого операнда оператора назначения
  Game.cpp
C:\Work\Tetris\Figure.h(25,8): error C4430: отсутствует спецификатор типа - предполагается int. Примечание. C++ не поддерживает int по умолчанию
C:\Work\Tetris\Figure.h(25,20): error C2143: синтаксическая ошибка: отсутствие "," перед "&"
  Создание кода...
